<?xml version="1.0" encoding="UTF-8"?>
<!-- Generated by org.testng.reporters.JUnitReportReporter -->
<testsuite hostname="Poonams-MacBook-Air.local" failures="0" tests="2" name="TestStep.TestCase" time="44.831" errors="0" timestamp="2023-08-24T11:09:03 IST" skipped="0">
  <testcase classname="TestStep.TestCase" name="Testcase1" time="11.072"/>
  <testcase classname="TestStep.TestCase" name="Testcase2" time="33.759"/>
</testsuite> <!-- TestStep.TestCase -->
